  [1m[36mSQL (0.3ms)[0m  [1m SELECT name
 FROM sqlite_master
 WHERE type = 'table' AND NOT name = 'sqlite_sequence'
[0m
  [1m[35mSQL (0.1ms)[0m  select sqlite_version(*)
  [1m[36mSQL (1.5ms)[0m  [1mCREATE TABLE "schema_migrations" ("version" varchar(255) NOT NULL) [0m
  [1m[35mSQL (0.1ms)[0m  PRAGMA index_list("schema_migrations")
  [1m[36mSQL (1.5ms)[0m  [1mCREATE UNIQUE INDEX "unique_schema_migrations" ON "schema_migrations" ("version")[0m
  [1m[35mSQL (0.1ms)[0m   SELECT name
 FROM sqlite_master
 WHERE type = 'table' AND NOT name = 'sqlite_sequence'
  [1m[36mSQL (0.1ms)[0m  [1m SELECT name
 FROM sqlite_master
 WHERE type = 'table' AND NOT name = 'sqlite_sequence'
[0m
  [1m[35mSQL (0.1ms)[0m  SELECT "schema_migrations"."version" FROM "schema_migrations"
Migrating to CreatePeople (20110213154441)
  [1m[36mSQL (0.5ms)[0m  [1mCREATE TABLE "people" ("id" INTEGER PRIMARY KEY AUTOINCREMENT NOT NULL, "name" varchar(255), "created_at" datetime, "updated_at" datetime) [0m
  [1m[35mSQL (0.1ms)[0m  INSERT INTO "schema_migrations" ("version") VALUES ('20110213154441')
Migrating to CreatePhones (20110213154510)
  [1m[36mSQL (0.5ms)[0m  [1mCREATE TABLE "phones" ("id" INTEGER PRIMARY KEY AUTOINCREMENT NOT NULL, "where" varchar(255), "number" varchar(255), "person_id" integer, "created_at" datetime, "updated_at" datetime) [0m
  [1m[35mSQL (0.1ms)[0m  INSERT INTO "schema_migrations" ("version") VALUES ('20110213154510')
  [1m[36mSQL (0.2ms)[0m  [1m SELECT name
 FROM sqlite_master
 WHERE type = 'table' AND NOT name = 'sqlite_sequence'
[0m
  [1m[35mSQL (0.1ms)[0m  SELECT "schema_migrations"."version" FROM "schema_migrations"
  [1m[36mSQL (0.1ms)[0m  [1m SELECT name
 FROM sqlite_master
 WHERE type = 'table' AND NOT name = 'sqlite_sequence'
[0m
  [1m[35mSQL (0.0ms)[0m  PRAGMA index_list("people")
  [1m[36mSQL (0.1ms)[0m  [1mPRAGMA index_list("phones")[0m


Started GET "/people" for 127.0.0.1 at 2011-02-13 12:47:31 -0300
  Processing by PeopleController#index as HTML
  [1m[36mPerson Load (2.1ms)[0m  [1mSELECT "people".* FROM "people"[0m
Rendered people/index.html.erb within layouts/application (3.3ms)
Completed 200 OK in 98ms (Views: 10.0ms | ActiveRecord: 2.1ms)


Started GET "/people" for 127.0.0.1 at 2011-02-13 12:48:42 -0300
  Processing by PeopleController#index as HTML
  [1m[35mPerson Load (0.4ms)[0m  SELECT "people".* FROM "people"
Rendered people/index.html.erb within layouts/application (2.8ms)
Completed 200 OK in 54ms (Views: 8.5ms | ActiveRecord: 0.4ms)


Started GET "/people/new" for 127.0.0.1 at 2011-02-13 12:48:43 -0300
  Processing by PeopleController#new as HTML
Rendered people/_form.html.erb (100.2ms)
Rendered people/new.html.erb within layouts/application (102.2ms)
Completed   in 123ms

ActionView::Template::Error (Missing partial people/phone with {:handlers=>[:erb, :rjs, :builder, :rhtml, :rxml], :formats=>[:html], :locale=>[:en, :en]} in view paths "/Users/lailsonbm/Workspace/awesome_nested_fields/demos/demo-1-simple/app/views", "/Users/lailsonbm/.rvm/gems/ruby-1.9.2-p0@rails3/bundler/gems/awesome_nested_fields-2a1329b9a36a/app/views"):
    18:   
    19:   <h2>Phones</h2>
    20:   <div id="container">
    21:     <%= nested_fields(f, :phones) %>
    22:   </div>
    23:   <a href="#" class="add">add phone</a>
    24:   
  app/views/people/_form.html.erb:21:in `block in _app_views_people__form_html_erb__459104871222070552_2165367020_2927177138312792104'
  app/views/people/_form.html.erb:1:in `_app_views_people__form_html_erb__459104871222070552_2165367020_2927177138312792104'
  app/views/people/new.html.erb:3:in `_app_views_people_new_html_erb___807395537773261429_2165417700_4162823675778695241'
  app/controllers/people_controller.rb:29:in `new'

Rendered /Users/lailsonbm/.rvm/gems/ruby-1.9.2-p0@rails3/gems/actionpack-3.0.4/lib/action_dispatch/middleware/templates/rescues/_trace.erb (1.5ms)
Rendered /Users/lailsonbm/.rvm/gems/ruby-1.9.2-p0@rails3/gems/actionpack-3.0.4/lib/action_dispatch/middleware/templates/rescues/_request_and_response.erb (4.5ms)
Rendered /Users/lailsonbm/.rvm/gems/ruby-1.9.2-p0@rails3/gems/actionpack-3.0.4/lib/action_dispatch/middleware/templates/rescues/template_error.erb within rescues/layout (11.2ms)


Started GET "/people/new" for 127.0.0.1 at 2011-02-13 12:48:51 -0300
  Processing by PeopleController#new as HTML
Rendered people/_phone.html.erb (2.6ms)
Rendered people/_form.html.erb (69.7ms)
Rendered people/new.html.erb within layouts/application (73.8ms)
Completed 200 OK in 93ms (Views: 79.3ms | ActiveRecord: 0.0ms)


Started GET "/people/new" for 127.0.0.1 at 2011-02-13 12:49:39 -0300
  Processing by PeopleController#new as HTML
Rendered people/_phone.html.erb (2.7ms)
Rendered people/_form.html.erb (31.5ms)
Rendered people/new.html.erb within layouts/application (35.0ms)
Completed 200 OK in 53ms (Views: 40.7ms | ActiveRecord: 0.0ms)


Started GET "/people/new" for 127.0.0.1 at 2011-02-13 12:51:28 -0300
  Processing by PeopleController#new as HTML
Rendered people/_phone.html.erb (2.6ms)
Rendered people/_form.html.erb (32.4ms)
Rendered people/new.html.erb within layouts/application (36.3ms)
Completed 200 OK in 58ms (Views: 42.8ms | ActiveRecord: 0.0ms)


Started GET "/javascripts/prototype.js" for 127.0.0.1 at 2011-02-13 12:51:29 -0300

ActionController::RoutingError (No route matches "/javascripts/prototype.js"):
  

Rendered /Users/lailsonbm/.rvm/gems/ruby-1.9.2-p0@rails3/gems/actionpack-3.0.4/lib/action_dispatch/middleware/templates/rescues/routing_error.erb within rescues/layout (4.1ms)


Started GET "/javascripts/jquery.nested-fields.js" for 127.0.0.1 at 2011-02-13 12:51:29 -0300


Started GET "/javascripts/effects.js" for 127.0.0.1 at 2011-02-13 12:51:30 -0300


Started GET "/javascripts/controls.js" for 127.0.0.1 at 2011-02-13 12:51:30 -0300


Started GET "/javascripts/rails.js" for 127.0.0.1 at 2011-02-13 12:51:30 -0300


Started GET "/javascripts/dragdrop.js" for 127.0.0.1 at 2011-02-13 12:51:30 -0300

ActionController::RoutingError (No route matches "/javascripts/effects.js"):
  


ActionController::RoutingError (No route matches "/javascripts/dragdrop.js"):
  


ActionController::RoutingError (No route matches "/javascripts/controls.js"):
  

Rendered /Users/lailsonbm/.rvm/gems/ruby-1.9.2-p0@rails3/gems/actionpack-3.0.4/lib/action_dispatch/middleware/templates/rescues/routing_error.erb within rescues/layout (1.3ms)
Rendered /Users/lailsonbm/.rvm/gems/ruby-1.9.2-p0@rails3/gems/actionpack-3.0.4/lib/action_dispatch/middleware/templates/rescues/routing_error.erb within rescues/layout (1.5ms)

ActionController::RoutingError (No route matches "/javascripts/rails.js"):
  

Rendered /Users/lailsonbm/.rvm/gems/ruby-1.9.2-p0@rails3/gems/actionpack-3.0.4/lib/action_dispatch/middleware/templates/rescues/routing_error.erb within rescues/layout (3.6ms)
Rendered /Users/lailsonbm/.rvm/gems/ruby-1.9.2-p0@rails3/gems/actionpack-3.0.4/lib/action_dispatch/middleware/templates/rescues/routing_error.erb within rescues/layout (1.2ms)


Started GET "/people/new" for 127.0.0.1 at 2011-02-13 12:51:38 -0300
  Processing by PeopleController#new as HTML
Rendered people/_phone.html.erb (2.5ms)
Rendered people/_form.html.erb (86.6ms)
Rendered people/new.html.erb within layouts/application (90.1ms)
Completed 200 OK in 141ms (Views: 95.6ms | ActiveRecord: 0.0ms)


Started GET "/javascripts/prototype.js" for 127.0.0.1 at 2011-02-13 12:51:38 -0300


Started GET "/javascripts/dragdrop.js" for 127.0.0.1 at 2011-02-13 12:51:38 -0300


Started GET "/javascripts/effects.js" for 127.0.0.1 at 2011-02-13 12:51:38 -0300


Started GET "/javascripts/controls.js" for 127.0.0.1 at 2011-02-13 12:51:38 -0300


Started GET "/javascripts/jquery.nested-fields.js" for 127.0.0.1 at 2011-02-13 12:51:38 -0300

ActionController::RoutingError (No route matches "/javascripts/effects.js"):
  


ActionController::RoutingError (No route matches "/javascripts/controls.js"):
  


ActionController::RoutingError (No route matches "/javascripts/dragdrop.js"):
  

Rendered /Users/lailsonbm/.rvm/gems/ruby-1.9.2-p0@rails3/gems/actionpack-3.0.4/lib/action_dispatch/middleware/templates/rescues/routing_error.erb within rescues/layout (1.5ms)

ActionController::RoutingError (No route matches "/javascripts/prototype.js"):
  

Rendered /Users/lailsonbm/.rvm/gems/ruby-1.9.2-p0@rails3/gems/actionpack-3.0.4/lib/action_dispatch/middleware/templates/rescues/routing_error.erb within rescues/layout (1.1ms)
Rendered /Users/lailsonbm/.rvm/gems/ruby-1.9.2-p0@rails3/gems/actionpack-3.0.4/lib/action_dispatch/middleware/templates/rescues/routing_error.erb within rescues/layout (4.1ms)
Rendered /Users/lailsonbm/.rvm/gems/ruby-1.9.2-p0@rails3/gems/actionpack-3.0.4/lib/action_dispatch/middleware/templates/rescues/routing_error.erb within rescues/layout (1.1ms)


Started GET "/javascripts/rails.js" for 127.0.0.1 at 2011-02-13 12:51:39 -0300

ActionController::RoutingError (No route matches "/javascripts/rails.js"):
  

Rendered /Users/lailsonbm/.rvm/gems/ruby-1.9.2-p0@rails3/gems/actionpack-3.0.4/lib/action_dispatch/middleware/templates/rescues/routing_error.erb within rescues/layout (1.2ms)


Started GET "/people/new" for 127.0.0.1 at 2011-02-13 12:54:48 -0300
  Processing by PeopleController#new as HTML
Rendered people/_phone.html.erb (2.8ms)
Rendered people/_form.html.erb (101.4ms)
Rendered people/new.html.erb within layouts/application (105.2ms)
Completed 200 OK in 152ms (Views: 110.7ms | ActiveRecord: 0.0ms)


Started GET "/javascripts/effects.js" for 127.0.0.1 at 2011-02-13 12:54:48 -0300


Started GET "/javascripts/controls.js" for 127.0.0.1 at 2011-02-13 12:54:48 -0300


Started GET "/javascripts/prototype.js" for 127.0.0.1 at 2011-02-13 12:54:48 -0300


Started GET "/javascripts/rails.js" for 127.0.0.1 at 2011-02-13 12:54:48 -0300


Started GET "/javascripts/dragdrop.js" for 127.0.0.1 at 2011-02-13 12:54:48 -0300

ActionController::RoutingError (No route matches "/javascripts/prototype.js"):
  


ActionController::RoutingError (No route matches "/javascripts/rails.js"):
  

Rendered /Users/lailsonbm/.rvm/gems/ruby-1.9.2-p0@rails3/gems/actionpack-3.0.4/lib/action_dispatch/middleware/templates/rescues/routing_error.erb within rescues/layout (1.0ms)

ActionController::RoutingError (No route matches "/javascripts/effects.js"):
  


ActionController::RoutingError (No route matches "/javascripts/controls.js"):
  



Started GET "/javascripts/jquery.nested-fields.js" for 127.0.0.1 at 2011-02-13 12:54:48 -0300
Rendered /Users/lailsonbm/.rvm/gems/ruby-1.9.2-p0@rails3/gems/actionpack-3.0.4/lib/action_dispatch/middleware/templates/rescues/routing_error.erb within rescues/layout (1.0ms)

ActionController::RoutingError (No route matches "/javascripts/dragdrop.js"):
  

Rendered /Users/lailsonbm/.rvm/gems/ruby-1.9.2-p0@rails3/gems/actionpack-3.0.4/lib/action_dispatch/middleware/templates/rescues/routing_error.erb within rescues/layout (1.0ms)
Rendered /Users/lailsonbm/.rvm/gems/ruby-1.9.2-p0@rails3/gems/actionpack-3.0.4/lib/action_dispatch/middleware/templates/rescues/routing_error.erb within rescues/layout (1.6ms)
Rendered /Users/lailsonbm/.rvm/gems/ruby-1.9.2-p0@rails3/gems/actionpack-3.0.4/lib/action_dispatch/middleware/templates/rescues/routing_error.erb within rescues/layout (13.7ms)


Started GET "/people/new" for 127.0.0.1 at 2011-02-13 12:54:56 -0300
  Processing by PeopleController#new as HTML
Rendered people/_phone.html.erb (2.4ms)
Rendered people/_form.html.erb (69.4ms)
Rendered people/new.html.erb within layouts/application (72.9ms)
Completed 200 OK in 93ms (Views: 78.3ms | ActiveRecord: 0.0ms)


Started GET "/javascripts/prototype.js" for 127.0.0.1 at 2011-02-13 12:54:56 -0300


Started GET "/javascripts/effects.js" for 127.0.0.1 at 2011-02-13 12:54:56 -0300


Started GET "/javascripts/dragdrop.js" for 127.0.0.1 at 2011-02-13 12:54:56 -0300


Started GET "/javascripts/controls.js" for 127.0.0.1 at 2011-02-13 12:54:56 -0300


Started GET "/javascripts/rails.js" for 127.0.0.1 at 2011-02-13 12:54:56 -0300

ActionController::RoutingError (No route matches "/javascripts/rails.js"):
  


ActionController::RoutingError (No route matches "/javascripts/dragdrop.js"):
  


ActionController::RoutingError (No route matches "/javascripts/prototype.js"):
  


ActionController::RoutingError (No route matches "/javascripts/controls.js"):
  

Rendered /Users/lailsonbm/.rvm/gems/ruby-1.9.2-p0@rails3/gems/actionpack-3.0.4/lib/action_dispatch/middleware/templates/rescues/routing_error.erb within rescues/layout (1.0ms)

ActionController::RoutingError (No route matches "/javascripts/effects.js"):
  

Rendered /Users/lailsonbm/.rvm/gems/ruby-1.9.2-p0@rails3/gems/actionpack-3.0.4/lib/action_dispatch/middleware/templates/rescues/routing_error.erb within rescues/layout (1.0ms)
Rendered /Users/lailsonbm/.rvm/gems/ruby-1.9.2-p0@rails3/gems/actionpack-3.0.4/lib/action_dispatch/middleware/templates/rescues/routing_error.erb within rescues/layout (2.8ms)
Rendered /Users/lailsonbm/.rvm/gems/ruby-1.9.2-p0@rails3/gems/actionpack-3.0.4/lib/action_dispatch/middleware/templates/rescues/routing_error.erb within rescues/layout (1.1ms)


Started GET "/javascripts/jquery.nested-fields.js" for 127.0.0.1 at 2011-02-13 12:54:56 -0300
Rendered /Users/lailsonbm/.rvm/gems/ruby-1.9.2-p0@rails3/gems/actionpack-3.0.4/lib/action_dispatch/middleware/templates/rescues/routing_error.erb within rescues/layout (7.1ms)


Started GET "/people/new" for 127.0.0.1 at 2011-02-13 12:55:52 -0300
  Processing by PeopleController#new as HTML
Rendered people/_phone.html.erb (2.7ms)
Rendered people/_form.html.erb (52.6ms)
Rendered people/new.html.erb within layouts/application (189.5ms)
Completed   in 271ms

ActionView::Template::Error (No expansion found for :defaults):
    5:   <%= stylesheet_link_tag :all %>
    6:   <script src="https://ajax.googleapis.com/ajax/libs/jquery/1.5.0/jquery.min.js" type="text/javascript"></script>
    7:   <script src="/javascripts/jquery.nested-fields.js" type="text/javascript"></script>
    8:   <%= javascript_include_tag :defaults %>
    9:   <%= csrf_meta_tag %>
    10: </head>
    11: <body>
  app/views/layouts/application.html.erb:8:in `_app_views_layouts_application_html_erb___311206543783028543_2165093260_590746631634030555'
  app/controllers/people_controller.rb:29:in `new'

Rendered /Users/lailsonbm/.rvm/gems/ruby-1.9.2-p0@rails3/gems/actionpack-3.0.4/lib/action_dispatch/middleware/templates/rescues/_trace.erb (1.4ms)
Rendered /Users/lailsonbm/.rvm/gems/ruby-1.9.2-p0@rails3/gems/actionpack-3.0.4/lib/action_dispatch/middleware/templates/rescues/_request_and_response.erb (4.0ms)
Rendered /Users/lailsonbm/.rvm/gems/ruby-1.9.2-p0@rails3/gems/actionpack-3.0.4/lib/action_dispatch/middleware/templates/rescues/template_error.erb within rescues/layout (9.8ms)


Started GET "/people/new" for 127.0.0.1 at 2011-02-13 12:56:36 -0300
  Processing by PeopleController#new as HTML
Rendered people/_phone.html.erb (2.7ms)
Rendered people/_form.html.erb (35.9ms)
Rendered people/new.html.erb within layouts/application (39.1ms)
Completed   in 58ms

ActionView::Template::Error (No expansion found for :defaults):
    5:   <%= stylesheet_link_tag :all %>
    6:   <script src="https://ajax.googleapis.com/ajax/libs/jquery/1.5.0/jquery.min.js" type="text/javascript"></script>
    7:   <script src="/javascripts/jquery.nested-fields.js" type="text/javascript"></script>
    8:   <%= javascript_include_tag :defaults %>
    9:   <%= csrf_meta_tag %>
    10: </head>
    11: <body>
  app/views/layouts/application.html.erb:8:in `_app_views_layouts_application_html_erb___311206543783028543_2159310960_590746631634030555'
  app/controllers/people_controller.rb:29:in `new'

Rendered /Users/lailsonbm/.rvm/gems/ruby-1.9.2-p0@rails3/gems/actionpack-3.0.4/lib/action_dispatch/middleware/templates/rescues/_trace.erb (1.3ms)
Rendered /Users/lailsonbm/.rvm/gems/ruby-1.9.2-p0@rails3/gems/actionpack-3.0.4/lib/action_dispatch/middleware/templates/rescues/_request_and_response.erb (3.7ms)
Rendered /Users/lailsonbm/.rvm/gems/ruby-1.9.2-p0@rails3/gems/actionpack-3.0.4/lib/action_dispatch/middleware/templates/rescues/template_error.erb within rescues/layout (9.2ms)


Started GET "/people/new" for 127.0.0.1 at 2011-02-13 12:56:45 -0300
  Processing by PeopleController#new as HTML
Rendered people/_phone.html.erb (2.4ms)
Rendered people/_form.html.erb (34.1ms)
Rendered people/new.html.erb within layouts/application (37.1ms)
Completed   in 56ms

ActionView::Template::Error (No expansion found for :defaults):
    5:   <%= stylesheet_link_tag :all %>
    6:   <script src="https://ajax.googleapis.com/ajax/libs/jquery/1.5.0/jquery.min.js" type="text/javascript"></script>
    7:   <script src="/javascripts/jquery.nested-fields.js" type="text/javascript"></script>
    8:   <%= javascript_include_tag :defaults %>
    9:   <%= csrf_meta_tag %>
    10: </head>
    11: <body>
  app/views/layouts/application.html.erb:8:in `_app_views_layouts_application_html_erb___311206543783028543_2159495740_590746631634030555'
  app/controllers/people_controller.rb:29:in `new'

Rendered /Users/lailsonbm/.rvm/gems/ruby-1.9.2-p0@rails3/gems/actionpack-3.0.4/lib/action_dispatch/middleware/templates/rescues/_trace.erb (1.2ms)
Rendered /Users/lailsonbm/.rvm/gems/ruby-1.9.2-p0@rails3/gems/actionpack-3.0.4/lib/action_dispatch/middleware/templates/rescues/_request_and_response.erb (3.5ms)
Rendered /Users/lailsonbm/.rvm/gems/ruby-1.9.2-p0@rails3/gems/actionpack-3.0.4/lib/action_dispatch/middleware/templates/rescues/template_error.erb within rescues/layout (8.8ms)


Started GET "/people/new" for 127.0.0.1 at 2011-02-13 12:56:55 -0300
  Processing by PeopleController#new as HTML
Rendered people/_phone.html.erb (2.7ms)
Rendered people/_form.html.erb (88.5ms)
Rendered people/new.html.erb within layouts/application (92.1ms)
Completed 200 OK in 148ms (Views: 98.9ms | ActiveRecord: 0.0ms)


Started GET "/javascripts/abc.js" for 127.0.0.1 at 2011-02-13 12:56:56 -0300

ActionController::RoutingError (No route matches "/javascripts/abc.js"):
  

Rendered /Users/lailsonbm/.rvm/gems/ruby-1.9.2-p0@rails3/gems/actionpack-3.0.4/lib/action_dispatch/middleware/templates/rescues/routing_error.erb within rescues/layout (1.3ms)


Started GET "/javascripts/jquery.nested-fields.js" for 127.0.0.1 at 2011-02-13 12:56:56 -0300


Started GET "/people/new" for 127.0.0.1 at 2011-02-13 12:57:57 -0300
  Processing by PeopleController#new as HTML
Rendered people/_phone.html.erb (2.6ms)
Rendered people/_form.html.erb (89.5ms)
Rendered people/new.html.erb within layouts/application (106.8ms)
Completed   in 165ms

ActionView::Template::Error (No expansion found for :defaults):
    5:   <%= stylesheet_link_tag :all %>
    6:   <script src="https://ajax.googleapis.com/ajax/libs/jquery/1.5.0/jquery.min.js" type="text/javascript"></script>
    7:   <script src="/javascripts/jquery.nested-fields.js" type="text/javascript"></script>
    8:   <%= javascript_include_tag :defaults %>
    9:   <%= csrf_meta_tag %>
    10: </head>
    11: <body>
  app/views/layouts/application.html.erb:8:in `_app_views_layouts_application_html_erb__2189921590414501391_2159956020__1197148380402377372'
  app/controllers/people_controller.rb:29:in `new'

Rendered /Users/lailsonbm/.rvm/gems/ruby-1.9.2-p0@rails3/gems/actionpack-3.0.4/lib/action_dispatch/middleware/templates/rescues/_trace.erb (1.4ms)
Rendered /Users/lailsonbm/.rvm/gems/ruby-1.9.2-p0@rails3/gems/actionpack-3.0.4/lib/action_dispatch/middleware/templates/rescues/_request_and_response.erb (3.9ms)
Rendered /Users/lailsonbm/.rvm/gems/ruby-1.9.2-p0@rails3/gems/actionpack-3.0.4/lib/action_dispatch/middleware/templates/rescues/template_error.erb within rescues/layout (10.2ms)


Started GET "/people/new" for 127.0.0.1 at 2011-02-13 13:01:04 -0300
  Processing by PeopleController#new as HTML
Rendered people/_phone.html.erb (3.9ms)
Rendered people/_form.html.erb (163.9ms)
Rendered people/new.html.erb within layouts/application (190.5ms)
Completed   in 238ms

ActionView::Template::Error (No expansion found for :defaults):
    5:   <%= stylesheet_link_tag :all %>
    6:   <script src="https://ajax.googleapis.com/ajax/libs/jquery/1.5.0/jquery.min.js" type="text/javascript"></script>
    7:   <script src="/javascripts/jquery.nested-fields.js" type="text/javascript"></script>
    8:   <%= javascript_include_tag :defaults %>
    9:   <%= csrf_meta_tag %>
    10: </head>
    11: <body>
  app/views/layouts/application.html.erb:8:in `_app_views_layouts_application_html_erb__2440643799509743531_2159202920__1117431885505903147'
  app/controllers/people_controller.rb:29:in `new'

Rendered /Users/lailsonbm/.rvm/gems/ruby-1.9.2-p0@rails3/gems/actionpack-3.0.4/lib/action_dispatch/middleware/templates/rescues/_trace.erb (1.4ms)
Rendered /Users/lailsonbm/.rvm/gems/ruby-1.9.2-p0@rails3/gems/actionpack-3.0.4/lib/action_dispatch/middleware/templates/rescues/_request_and_response.erb (3.9ms)
Rendered /Users/lailsonbm/.rvm/gems/ruby-1.9.2-p0@rails3/gems/actionpack-3.0.4/lib/action_dispatch/middleware/templates/rescues/template_error.erb within rescues/layout (10.1ms)


Started GET "/people/new" for 127.0.0.1 at 2011-02-13 13:02:20 -0300
  Processing by PeopleController#new as HTML
Rendered people/_phone.html.erb (2.7ms)
Rendered people/_form.html.erb (74.3ms)
Rendered people/new.html.erb within layouts/application (77.6ms)
Completed   in 96ms

ActionView::Template::Error (No expansion found for :defaults):
    5:   <%= stylesheet_link_tag :all %>
    6:   <script src="https://ajax.googleapis.com/ajax/libs/jquery/1.5.0/jquery.min.js" type="text/javascript"></script>
    7:   <script src="/javascripts/jquery.nested-fields.js" type="text/javascript"></script>
    8:   <%= javascript_include_tag :defaults %>
    9:   <%= csrf_meta_tag %>
    10: </head>
    11: <body>
  app/views/layouts/application.html.erb:8:in `_app_views_layouts_application_html_erb__2440643799509743531_2154832200__1117431885505903147'
  app/controllers/people_controller.rb:29:in `new'

Rendered /Users/lailsonbm/.rvm/gems/ruby-1.9.2-p0@rails3/gems/actionpack-3.0.4/lib/action_dispatch/middleware/templates/rescues/_trace.erb (3.0ms)
Rendered /Users/lailsonbm/.rvm/gems/ruby-1.9.2-p0@rails3/gems/actionpack-3.0.4/lib/action_dispatch/middleware/templates/rescues/_request_and_response.erb (3.6ms)
Rendered /Users/lailsonbm/.rvm/gems/ruby-1.9.2-p0@rails3/gems/actionpack-3.0.4/lib/action_dispatch/middleware/templates/rescues/template_error.erb within rescues/layout (11.0ms)


Started GET "/people/new" for 127.0.0.1 at 2011-02-13 13:02:28 -0300
  Processing by PeopleController#new as HTML
Rendered people/_phone.html.erb (2.6ms)
Rendered people/_form.html.erb (49.0ms)
Rendered people/new.html.erb within layouts/application (52.4ms)
Completed 200 OK in 132ms (Views: 58.0ms | ActiveRecord: 0.0ms)


Started GET "/javascripts/jquery.nested-fields.js" for 127.0.0.1 at 2011-02-13 13:02:28 -0300


Started GET "/people/new" for 127.0.0.1 at 2011-02-13 13:03:08 -0300
  Processing by PeopleController#new as HTML
Rendered people/_phone.html.erb (2.6ms)
Rendered people/_form.html.erb (30.1ms)
Rendered people/new.html.erb within layouts/application (33.1ms)
Completed 200 OK in 89ms (Views: 38.6ms | ActiveRecord: 0.0ms)


Started GET "/javascripts/jquery.nested-fields.js" for 127.0.0.1 at 2011-02-13 13:03:08 -0300


Started GET "/people/new" for 127.0.0.1 at 2011-02-13 13:03:17 -0300
  Processing by PeopleController#new as HTML
Rendered people/_phone.html.erb (2.5ms)
Rendered people/_form.html.erb (30.4ms)
Rendered people/new.html.erb within layouts/application (33.4ms)
Completed 200 OK in 90ms (Views: 38.8ms | ActiveRecord: 0.0ms)


Started POST "/people" for 127.0.0.1 at 2011-02-13 13:07:14 -0300
  Processing by PeopleController#create as HTML
  Parameters: {"utf8"=>"✓", "authenticity_token"=>"CDw3fqrqTCktqjN+N3T3VFeFZwgXHmNzFYR9eAKOk1I=", "person"=>{"name"=>"Lailson", "phones_attributes"=>{"1297613074973"=>{"where"=>"", "number"=>"", "id"=>"", "_destroy"=>"false"}}}, "commit"=>"Create Person"}
  [1m[36mSQL (0.3ms)[0m  [1m SELECT name
 FROM sqlite_master
 WHERE type = 'table' AND NOT name = 'sqlite_sequence'
[0m
  [1m[35mPhone Load (0.2ms)[0m  SELECT "phones".* FROM "phones" WHERE "phones"."id" IN (0) AND ("phones".person_id = NULL)
  [1m[36mAREL (0.4ms)[0m  [1mINSERT INTO "people" ("name", "created_at", "updated_at") VALUES ('Lailson', '2011-02-13 16:07:14.561510', '2011-02-13 16:07:14.561510')[0m
Redirected to http://localhost:3000/people/1
Completed 302 Found in 123ms


Started GET "/people/1" for 127.0.0.1 at 2011-02-13 13:07:14 -0300
  Processing by PeopleController#show as HTML
  Parameters: {"id"=>"1"}
  [1m[35mPerson Load (0.3ms)[0m  SELECT "people".* FROM "people" WHERE "people"."id" = 1 LIMIT 1
Rendered people/show.html.erb within layouts/application (7.2ms)
Completed 200 OK in 65ms (Views: 12.9ms | ActiveRecord: 1.2ms)


Started GET "/javascripts/jquery.nested-fields.js" for 127.0.0.1 at 2011-02-13 13:07:14 -0300


Started GET "/people/1/edit" for 127.0.0.1 at 2011-02-13 13:07:17 -0300
  Processing by PeopleController#edit as HTML
  Parameters: {"id"=>"1"}
  [1m[36mPerson Load (0.2ms)[0m  [1mSELECT "people".* FROM "people" WHERE "people"."id" = 1 LIMIT 1[0m
  [1m[35mPhone Load (0.2ms)[0m  SELECT "phones".* FROM "phones" WHERE ("phones".person_id = 1)
Rendered people/_phone.html.erb (2.7ms)
Rendered people/_form.html.erb (72.6ms)
Rendered people/edit.html.erb within layouts/application (77.4ms)
Completed 200 OK in 96ms (Views: 82.8ms | ActiveRecord: 0.4ms)


Started POST "/people/1" for 127.0.0.1 at 2011-02-13 13:07:23 -0300
  Processing by PeopleController#update as HTML
  Parameters: {"utf8"=>"✓", "authenticity_token"=>"CDw3fqrqTCktqjN+N3T3VFeFZwgXHmNzFYR9eAKOk1I=", "person"=>{"name"=>"Lailson", "phones_attributes"=>{"1297613238739"=>{"where"=>"home", "number"=>"3421-8756", "id"=>"", "_destroy"=>"false"}}}, "commit"=>"Update Person", "id"=>"1"}
  [1m[36mPerson Load (0.2ms)[0m  [1mSELECT "people".* FROM "people" WHERE "people"."id" = 1 LIMIT 1[0m
  [1m[35mPhone Load (0.2ms)[0m  SELECT "phones".* FROM "phones" WHERE "phones"."id" IN (0) AND ("phones".person_id = 1)
  [1m[36mAREL (0.3ms)[0m  [1mINSERT INTO "phones" ("where", "number", "person_id", "created_at", "updated_at") VALUES ('home', '3421-8756', 1, '2011-02-13 16:07:23.824608', '2011-02-13 16:07:23.824608')[0m
Redirected to http://localhost:3000/people/1
Completed 302 Found in 88ms


Started GET "/people/1" for 127.0.0.1 at 2011-02-13 13:07:23 -0300
  Processing by PeopleController#show as HTML
  Parameters: {"id"=>"1"}
  [1m[35mPerson Load (0.2ms)[0m  SELECT "people".* FROM "people" WHERE "people"."id" = 1 LIMIT 1
Rendered people/show.html.erb within layouts/application (7.3ms)
Completed 200 OK in 26ms (Views: 12.6ms | ActiveRecord: 0.9ms)


Started GET "/javascripts/jquery.nested-fields.js" for 127.0.0.1 at 2011-02-13 13:07:23 -0300


Started GET "/people" for 127.0.0.1 at 2011-02-13 13:07:26 -0300
  Processing by PeopleController#index as HTML
  [1m[36mPerson Load (0.4ms)[0m  [1mSELECT "people".* FROM "people"[0m
Rendered people/index.html.erb within layouts/application (8.4ms)
Completed 200 OK in 24ms (Views: 13.9ms | ActiveRecord: 0.4ms)


Started GET "/people/1" for 127.0.0.1 at 2011-02-13 13:07:27 -0300
  Processing by PeopleController#show as HTML
  Parameters: {"id"=>"1"}
  [1m[35mPerson Load (0.2ms)[0m  SELECT "people".* FROM "people" WHERE "people"."id" = 1 LIMIT 1
Rendered people/show.html.erb within layouts/application (7.5ms)
Completed 200 OK in 27ms (Views: 13.1ms | ActiveRecord: 0.2ms)


Started GET "/people/1" for 127.0.0.1 at 2011-02-13 13:08:46 -0300
  Processing by PeopleController#show as HTML
  Parameters: {"id"=>"1"}
  [1m[36mPerson Load (0.2ms)[0m  [1mSELECT "people".* FROM "people" WHERE "people"."id" = 1 LIMIT 1[0m
  [1m[35mPhone Load (0.3ms)[0m  SELECT "phones".* FROM "phones" WHERE ("phones".person_id = 1)
Rendered people/show.html.erb within layouts/application (27.4ms)
Completed 200 OK in 45ms (Views: 32.4ms | ActiveRecord: 0.5ms)


Started GET "/javascripts/jquery.nested-fields.js" for 127.0.0.1 at 2011-02-13 13:08:46 -0300


Started GET "/people" for 127.0.0.1 at 2011-02-13 13:08:49 -0300
  Processing by PeopleController#index as HTML
  [1m[36mPerson Load (0.4ms)[0m  [1mSELECT "people".* FROM "people"[0m
Rendered people/index.html.erb within layouts/application (9.6ms)
Completed 200 OK in 26ms (Views: 15.6ms | ActiveRecord: 0.4ms)


Started GET "/people/1" for 127.0.0.1 at 2011-02-13 13:09:36 -0300
  Processing by PeopleController#show as HTML
  Parameters: {"id"=>"1"}
  [1m[35mPerson Load (0.1ms)[0m  SELECT "people".* FROM "people" WHERE "people"."id" = 1 LIMIT 1
  [1m[36mPhone Load (0.2ms)[0m  [1mSELECT "phones".* FROM "phones" WHERE ("phones".person_id = 1)[0m
Rendered people/show.html.erb within layouts/application (64.7ms)
Completed 200 OK in 83ms (Views: 69.9ms | ActiveRecord: 0.4ms)


Started GET "/people/1/edit" for 127.0.0.1 at 2011-02-13 13:09:39 -0300
  Processing by PeopleController#edit as HTML
  Parameters: {"id"=>"1"}
  [1m[35mPerson Load (0.2ms)[0m  SELECT "people".* FROM "people" WHERE "people"."id" = 1 LIMIT 1
  [1m[36mPhone Load (0.2ms)[0m  [1mSELECT "phones".* FROM "phones" WHERE ("phones".person_id = 1)[0m
Rendered people/_phone.html.erb (2.5ms)
Rendered people/_phone.html.erb (2.5ms)
Rendered people/_form.html.erb (74.4ms)
Rendered people/edit.html.erb within layouts/application (78.1ms)
Completed 200 OK in 96ms (Views: 83.4ms | ActiveRecord: 0.4ms)


Started POST "/people/1" for 127.0.0.1 at 2011-02-13 13:09:41 -0300
  Processing by PeopleController#update as HTML
  Parameters: {"utf8"=>"✓", "authenticity_token"=>"CDw3fqrqTCktqjN+N3T3VFeFZwgXHmNzFYR9eAKOk1I=", "person"=>{"name"=>"Lailson", "phones_attributes"=>{"0"=>{"where"=>"home", "number"=>"3421-8756", "id"=>"1", "_destroy"=>"false"}, "1297613380444"=>{"where"=>"", "number"=>"", "id"=>"", "_destroy"=>"false"}}}, "commit"=>"Update Person", "id"=>"1"}
  [1m[35mPerson Load (0.2ms)[0m  SELECT "people".* FROM "people" WHERE "people"."id" = 1 LIMIT 1
  [1m[36mPhone Load (0.3ms)[0m  [1mSELECT "phones".* FROM "phones" WHERE "phones"."id" IN (1, 0) AND ("phones".person_id = 1)[0m
Redirected to http://localhost:3000/people/1
Completed 302 Found in 84ms


Started GET "/people/1" for 127.0.0.1 at 2011-02-13 13:09:41 -0300
  Processing by PeopleController#show as HTML
  Parameters: {"id"=>"1"}
  [1m[35mPerson Load (0.2ms)[0m  SELECT "people".* FROM "people" WHERE "people"."id" = 1 LIMIT 1
  [1m[36mPhone Load (0.2ms)[0m  [1mSELECT "phones".* FROM "phones" WHERE ("phones".person_id = 1)[0m
Rendered people/show.html.erb within layouts/application (26.2ms)
Completed 200 OK in 44ms (Views: 31.5ms | ActiveRecord: 0.9ms)


Started GET "/javascripts/jquery.nested-fields.js" for 127.0.0.1 at 2011-02-13 13:09:41 -0300


Started GET "/people" for 127.0.0.1 at 2011-02-13 13:09:45 -0300
  Processing by PeopleController#index as HTML
  [1m[35mPerson Load (0.4ms)[0m  SELECT "people".* FROM "people"
Rendered people/index.html.erb within layouts/application (8.9ms)
Completed 200 OK in 25ms (Views: 14.4ms | ActiveRecord: 0.4ms)


Started GET "/people" for 127.0.0.1 at 2011-02-13 13:10:21 -0300
  Processing by PeopleController#index as HTML
  [1m[36mPerson Load (0.4ms)[0m  [1mSELECT "people".* FROM "people"[0m
Rendered people/index.html.erb within layouts/application (9.1ms)
Completed 200 OK in 25ms (Views: 14.5ms | ActiveRecord: 0.4ms)


Started GET "/javascripts/jquery.nested-fields.js" for 127.0.0.1 at 2011-02-13 13:10:21 -0300


Started GET "/people/1/edit" for 127.0.0.1 at 2011-02-13 13:10:23 -0300
  Processing by PeopleController#edit as HTML
  Parameters: {"id"=>"1"}
  [1m[35mPerson Load (0.2ms)[0m  SELECT "people".* FROM "people" WHERE "people"."id" = 1 LIMIT 1
  [1m[36mPhone Load (0.2ms)[0m  [1mSELECT "phones".* FROM "phones" WHERE ("phones".person_id = 1)[0m
Rendered people/_phone.html.erb (40.4ms)
Rendered people/_phone.html.erb (2.1ms)
Rendered people/_form.html.erb (77.9ms)
Rendered people/edit.html.erb within layouts/application (81.4ms)
Completed 200 OK in 100ms (Views: 86.5ms | ActiveRecord: 0.4ms)


Started GET "/people/1/edit" for 127.0.0.1 at 2011-02-13 13:10:55 -0300
  Processing by PeopleController#edit as HTML
  Parameters: {"id"=>"1"}
  [1m[35mPerson Load (0.2ms)[0m  SELECT "people".* FROM "people" WHERE "people"."id" = 1 LIMIT 1
  [1m[36mPhone Load (0.2ms)[0m  [1mSELECT "phones".* FROM "phones" WHERE ("phones".person_id = 1)[0m
Rendered people/_phone.html.erb (2.4ms)
Rendered people/_phone.html.erb (37.9ms)
Rendered people/_form.html.erb (74.0ms)
Rendered people/edit.html.erb within layouts/application (78.1ms)
Completed 200 OK in 97ms (Views: 83.2ms | ActiveRecord: 0.4ms)


Started GET "/people" for 127.0.0.1 at 2011-02-13 13:11:03 -0300
  Processing by PeopleController#index as HTML
  [1m[35mPerson Load (0.4ms)[0m  SELECT "people".* FROM "people"
Rendered people/index.html.erb within layouts/application (8.5ms)
Completed 200 OK in 25ms (Views: 14.2ms | ActiveRecord: 0.4ms)


Started GET "/people/1" for 127.0.0.1 at 2011-02-13 13:11:05 -0300
  Processing by PeopleController#show as HTML
  Parameters: {"id"=>"1"}
  [1m[36mPerson Load (0.2ms)[0m  [1mSELECT "people".* FROM "people" WHERE "people"."id" = 1 LIMIT 1[0m
  [1m[35mPhone Load (0.2ms)[0m  SELECT "phones".* FROM "phones" WHERE ("phones".person_id = 1)
Rendered people/show.html.erb within layouts/application (66.1ms)
Completed 200 OK in 84ms (Views: 71.3ms | ActiveRecord: 0.5ms)


Started GET "/people/1/edit" for 127.0.0.1 at 2011-02-13 13:11:09 -0300
  Processing by PeopleController#edit as HTML
  Parameters: {"id"=>"1"}
  [1m[36mPerson Load (0.3ms)[0m  [1mSELECT "people".* FROM "people" WHERE "people"."id" = 1 LIMIT 1[0m
  [1m[35mPhone Load (0.3ms)[0m  SELECT "phones".* FROM "phones" WHERE ("phones".person_id = 1)
Rendered people/_phone.html.erb (3.4ms)
Rendered people/_phone.html.erb (2.2ms)
Rendered people/_form.html.erb (76.8ms)
Rendered people/edit.html.erb within layouts/application (80.7ms)
Completed 200 OK in 102ms (Views: 86.5ms | ActiveRecord: 0.6ms)


Started POST "/people/1" for 127.0.0.1 at 2011-02-13 13:11:18 -0300
  Processing by PeopleController#update as HTML
  Parameters: {"utf8"=>"✓", "authenticity_token"=>"CDw3fqrqTCktqjN+N3T3VFeFZwgXHmNzFYR9eAKOk1I=", "person"=>{"name"=>"Lailson", "phones_attributes"=>{"0"=>{"where"=>"home", "number"=>"3421-8756", "id"=>"1", "_destroy"=>"false"}, "1297613471377"=>{"where"=>"Grunt", "number"=>"4741-5789", "id"=>"", "_destroy"=>"false"}}}, "commit"=>"Update Person", "id"=>"1"}
  [1m[36mPerson Load (0.2ms)[0m  [1mSELECT "people".* FROM "people" WHERE "people"."id" = 1 LIMIT 1[0m
  [1m[35mPhone Load (0.3ms)[0m  SELECT "phones".* FROM "phones" WHERE "phones"."id" IN (1, 0) AND ("phones".person_id = 1)
  [1m[36mAREL (0.3ms)[0m  [1mINSERT INTO "phones" ("where", "number", "person_id", "created_at", "updated_at") VALUES ('Grunt', '4741-5789', 1, '2011-02-13 16:11:18.276439', '2011-02-13 16:11:18.276439')[0m
Redirected to http://localhost:3000/people/1
Completed 302 Found in 87ms


Started GET "/people/1" for 127.0.0.1 at 2011-02-13 13:11:18 -0300
  Processing by PeopleController#show as HTML
  Parameters: {"id"=>"1"}
  [1m[35mPerson Load (0.2ms)[0m  SELECT "people".* FROM "people" WHERE "people"."id" = 1 LIMIT 1
  [1m[36mPhone Load (0.3ms)[0m  [1mSELECT "phones".* FROM "phones" WHERE ("phones".person_id = 1)[0m
Rendered people/show.html.erb within layouts/application (66.7ms)
Completed 200 OK in 86ms (Views: 71.8ms | ActiveRecord: 1.2ms)


Started GET "/javascripts/jquery.nested-fields.js" for 127.0.0.1 at 2011-02-13 13:11:18 -0300


Started GET "/people/1/edit" for 127.0.0.1 at 2011-02-13 13:11:25 -0300
  Processing by PeopleController#edit as HTML
  Parameters: {"id"=>"1"}
  [1m[35mPerson Load (0.2ms)[0m  SELECT "people".* FROM "people" WHERE "people"."id" = 1 LIMIT 1
  [1m[36mPhone Load (0.3ms)[0m  [1mSELECT "phones".* FROM "phones" WHERE ("phones".person_id = 1)[0m
Rendered people/_phone.html.erb (2.4ms)
Rendered people/_phone.html.erb (2.2ms)
Rendered people/_phone.html.erb (2.5ms)
Rendered people/_form.html.erb (75.8ms)
Rendered people/edit.html.erb within layouts/application (79.4ms)
Completed 200 OK in 98ms (Views: 84.8ms | ActiveRecord: 0.4ms)


Started POST "/people/1" for 127.0.0.1 at 2011-02-13 13:11:29 -0300
  Processing by PeopleController#update as HTML
  Parameters: {"utf8"=>"✓", "authenticity_token"=>"CDw3fqrqTCktqjN+N3T3VFeFZwgXHmNzFYR9eAKOk1I=", "person"=>{"name"=>"Lailson", "phones_attributes"=>{"0"=>{"where"=>"home", "number"=>"3421-8756", "id"=>"1", "_destroy"=>"false"}, "1"=>{"where"=>"ranch", "number"=>"4741-5789", "id"=>"2", "_destroy"=>"false"}}}, "commit"=>"Update Person", "id"=>"1"}
  [1m[35mPerson Load (0.2ms)[0m  SELECT "people".* FROM "people" WHERE "people"."id" = 1 LIMIT 1
  [1m[36mPhone Load (0.3ms)[0m  [1mSELECT "phones".* FROM "phones" WHERE "phones"."id" IN (1, 2) AND ("phones".person_id = 1)[0m
  [1m[35mAREL (0.3ms)[0m  UPDATE "phones" SET "where" = 'ranch', "updated_at" = '2011-02-13 16:11:29.280589' WHERE "phones"."id" = 2
Redirected to http://localhost:3000/people/1
Completed 302 Found in 87ms


Started GET "/people/1" for 127.0.0.1 at 2011-02-13 13:11:29 -0300
  Processing by PeopleController#show as HTML
  Parameters: {"id"=>"1"}
  [1m[36mPerson Load (0.2ms)[0m  [1mSELECT "people".* FROM "people" WHERE "people"."id" = 1 LIMIT 1[0m
  [1m[35mPhone Load (0.3ms)[0m  SELECT "phones".* FROM "phones" WHERE ("phones".person_id = 1)
Rendered people/show.html.erb within layouts/application (63.8ms)
Completed 200 OK in 82ms (Views: 68.9ms | ActiveRecord: 1.2ms)


Started GET "/javascripts/jquery.nested-fields.js" for 127.0.0.1 at 2011-02-13 13:11:29 -0300


Started GET "/people" for 127.0.0.1 at 2011-02-13 13:11:33 -0300
  Processing by PeopleController#index as HTML
  [1m[36mPerson Load (0.5ms)[0m  [1mSELECT "people".* FROM "people"[0m
Rendered people/index.html.erb within layouts/application (8.2ms)
Completed 200 OK in 24ms (Views: 13.6ms | ActiveRecord: 0.5ms)


Started GET "/people" for 127.0.0.1 at 2011-02-13 13:11:38 -0300
  Processing by PeopleController#index as HTML
  [1m[35mPerson Load (0.4ms)[0m  SELECT "people".* FROM "people"
Rendered people/index.html.erb within layouts/application (98.1ms)
Completed 200 OK in 115ms (Views: 103.7ms | ActiveRecord: 0.4ms)


Started GET "/javascripts/jquery.nested-fields.js" for 127.0.0.1 at 2011-02-13 13:11:38 -0300


Started GET "/people" for 127.0.0.1 at 2011-02-13 13:13:00 -0300
  Processing by PeopleController#index as HTML
  [1m[36mPerson Load (0.4ms)[0m  [1mSELECT "people".* FROM "people"[0m
Rendered people/index.html.erb within layouts/application (8.6ms)
Completed 200 OK in 25ms (Views: 14.2ms | ActiveRecord: 0.4ms)


Started GET "/javascripts/jquery.nested-fields.js" for 127.0.0.1 at 2011-02-13 13:13:00 -0300


Started GET "/people/1/edit" for 127.0.0.1 at 2011-02-13 13:13:03 -0300
  Processing by PeopleController#edit as HTML
  Parameters: {"id"=>"1"}
  [1m[35mPerson Load (0.2ms)[0m  SELECT "people".* FROM "people" WHERE "people"."id" = 1 LIMIT 1
  [1m[36mPhone Load (0.2ms)[0m  [1mSELECT "phones".* FROM "phones" WHERE ("phones".person_id = 1)[0m
Rendered people/_phone.html.erb (2.7ms)
Rendered people/_phone.html.erb (2.2ms)
Rendered people/_phone.html.erb (2.0ms)
Rendered people/_form.html.erb (40.7ms)
Rendered people/edit.html.erb within layouts/application (44.2ms)
Completed 200 OK in 63ms (Views: 49.4ms | ActiveRecord: 0.4ms)


Started GET "/people" for 127.0.0.1 at 2011-02-13 13:13:06 -0300
  Processing by PeopleController#index as HTML
  [1m[35mPerson Load (0.4ms)[0m  SELECT "people".* FROM "people"
Rendered people/index.html.erb within layouts/application (8.7ms)
Completed 200 OK in 26ms (Views: 14.3ms | ActiveRecord: 0.4ms)


Started GET "/peopl" for 127.0.0.1 at 2011-02-13 13:13:23 -0300

ActionController::RoutingError (No route matches "/peopl"):
  

Rendered /Users/lailsonbm/.rvm/gems/ruby-1.9.2-p0@rails3/gems/actionpack-3.0.4/lib/action_dispatch/middleware/templates/rescues/routing_error.erb within rescues/layout (0.9ms)


Started GET "/" for 127.0.0.1 at 2011-02-13 13:13:39 -0300
  Processing by PeopleController#index as HTML
  [1m[36mPerson Load (0.5ms)[0m  [1mSELECT "people".* FROM "people"[0m
Rendered people/index.html.erb within layouts/application (45.6ms)
Completed 200 OK in 61ms (Views: 51.1ms | ActiveRecord: 0.5ms)


Started GET "/javascripts/jquery.nested-fields.js" for 127.0.0.1 at 2011-02-13 13:13:39 -0300


Started GET "/" for 127.0.0.1 at 2011-02-13 13:13:40 -0300
  Processing by PeopleController#index as HTML
  [1m[35mPerson Load (0.4ms)[0m  SELECT "people".* FROM "people"
Rendered people/index.html.erb within layouts/application (8.6ms)
Completed 200 OK in 25ms (Views: 14.1ms | ActiveRecord: 0.4ms)


Started GET "/javascripts/jquery.nested-fields.js" for 127.0.0.1 at 2011-02-13 13:13:40 -0300


Started GET "/people/1" for 127.0.0.1 at 2011-02-13 13:13:41 -0300
  Processing by PeopleController#show as HTML
  Parameters: {"id"=>"1"}
  [1m[36mPerson Load (0.2ms)[0m  [1mSELECT "people".* FROM "people" WHERE "people"."id" = 1 LIMIT 1[0m
  [1m[35mPhone Load (0.3ms)[0m  SELECT "phones".* FROM "phones" WHERE ("phones".person_id = 1)
Rendered people/show.html.erb within layouts/application (27.4ms)
Completed 200 OK in 83ms (Views: 32.6ms | ActiveRecord: 0.4ms)


Started GET "/people/1/edit" for 127.0.0.1 at 2011-02-13 13:13:43 -0300
  Processing by PeopleController#edit as HTML
  Parameters: {"id"=>"1"}
  [1m[36mPerson Load (0.2ms)[0m  [1mSELECT "people".* FROM "people" WHERE "people"."id" = 1 LIMIT 1[0m
  [1m[35mPhone Load (0.4ms)[0m  SELECT "phones".* FROM "phones" WHERE ("phones".person_id = 1)
Rendered people/_phone.html.erb (2.5ms)
Rendered people/_phone.html.erb (2.2ms)
Rendered people/_phone.html.erb (2.3ms)
Rendered people/_form.html.erb (77.8ms)
Rendered people/edit.html.erb within layouts/application (81.5ms)
Completed 200 OK in 100ms (Views: 86.4ms | ActiveRecord: 0.7ms)


Started GET "/people/1/edit" for 127.0.0.1 at 2011-02-13 13:13:50 -0300
  Processing by PeopleController#edit as HTML
  Parameters: {"id"=>"1"}
  [1m[36mPerson Load (0.2ms)[0m  [1mSELECT "people".* FROM "people" WHERE "people"."id" = 1 LIMIT 1[0m
  [1m[35mPhone Load (0.2ms)[0m  SELECT "phones".* FROM "phones" WHERE ("phones".person_id = 1)
Rendered people/_phone.html.erb (2.4ms)
Rendered people/_phone.html.erb (3.2ms)
Rendered people/_phone.html.erb (2.5ms)
Rendered people/_form.html.erb (78.3ms)
Rendered people/edit.html.erb within layouts/application (81.9ms)
Completed 200 OK in 100ms (Views: 87.1ms | ActiveRecord: 0.4ms)


Started GET "/javascripts/jquery.nested-fields.js" for 127.0.0.1 at 2011-02-13 13:13:50 -0300


Started GET "/people" for 127.0.0.1 at 2011-02-13 13:13:51 -0300
  Processing by PeopleController#index as HTML
  [1m[36mPerson Load (0.4ms)[0m  [1mSELECT "people".* FROM "people"[0m
Rendered people/index.html.erb within layouts/application (9.3ms)
Completed 200 OK in 68ms (Views: 54.3ms | ActiveRecord: 0.4ms)


Started GET "/people/1" for 127.0.0.1 at 2011-02-13 13:13:52 -0300
  Processing by PeopleController#show as HTML
  Parameters: {"id"=>"1"}
  [1m[35mPerson Load (0.2ms)[0m  SELECT "people".* FROM "people" WHERE "people"."id" = 1 LIMIT 1
  [1m[36mPhone Load (0.3ms)[0m  [1mSELECT "phones".* FROM "phones" WHERE ("phones".person_id = 1)[0m
Rendered people/show.html.erb within layouts/application (27.6ms)
Completed 200 OK in 46ms (Views: 32.7ms | ActiveRecord: 0.4ms)


Started GET "/people/1" for 127.0.0.1 at 2011-02-13 13:14:37 -0300
  Processing by PeopleController#show as HTML
  Parameters: {"id"=>"1"}
  [1m[35mPerson Load (0.2ms)[0m  SELECT "people".* FROM "people" WHERE "people"."id" = 1 LIMIT 1
  [1m[36mPhone Load (0.3ms)[0m  [1mSELECT "phones".* FROM "phones" WHERE ("phones".person_id = 1)[0m
Rendered people/show.html.erb within layouts/application (28.8ms)
Completed 200 OK in 47ms (Views: 33.8ms | ActiveRecord: 0.4ms)


Started GET "/javascripts/jquery.nested-fields.js" for 127.0.0.1 at 2011-02-13 13:14:37 -0300


Started GET "/people" for 127.0.0.1 at 2011-02-13 13:14:39 -0300
  Processing by PeopleController#index as HTML
  [1m[35mPerson Load (0.4ms)[0m  SELECT "people".* FROM "people"
Rendered people/index.html.erb within layouts/application (9.1ms)
Completed 200 OK in 25ms (Views: 14.5ms | ActiveRecord: 0.4ms)
